  Project.c
D:\Code2\Code.c\Project2\Project.c(14,9): warning C4477: “printf”: 格式字符串“%d”需要类型“int”的参数，但可变参数 1 拥有了类型“int (*)[4]”
D:\Code2\Code.c\Project2\Project.c(14,9): warning C4313: "printf": 格式字符串中的 "%d" 与类型为 "int (*)[4]" 的参数 1 冲突
D:\Code2\Code.c\Project2\Project.c(14,9): warning C4477: “printf”: 格式字符串“%d”需要类型“int”的参数，但可变参数 2 拥有了类型“int *”
D:\Code2\Code.c\Project2\Project.c(14,9): warning C4313: "printf": 格式字符串中的 "%d" 与类型为 "int *" 的参数 2 冲突
D:\Code2\Code.c\Project2\Project.c(15,9): warning C4477: “printf”: 格式字符串“%d”需要类型“int”的参数，但可变参数 1 拥有了类型“int *”
D:\Code2\Code.c\Project2\Project.c(15,9): warning C4313: "printf": 格式字符串中的 "%d" 与类型为 "int *" 的参数 1 冲突
D:\Code2\Code.c\Project2\Project.c(15,9): warning C4477: “printf”: 格式字符串“%d”需要类型“int”的参数，但可变参数 2 拥有了类型“int *”
D:\Code2\Code.c\Project2\Project.c(15,9): warning C4313: "printf": 格式字符串中的 "%d" 与类型为 "int *" 的参数 2 冲突
D:\Code2\Code.c\Project2\Project.c(16,9): warning C4477: “printf”: 格式字符串“%d”需要类型“int”的参数，但可变参数 1 拥有了类型“int (*)[4]”
D:\Code2\Code.c\Project2\Project.c(16,9): warning C4313: "printf": 格式字符串中的 "%d" 与类型为 "int (*)[4]" 的参数 1 冲突
D:\Code2\Code.c\Project2\Project.c(16,9): warning C4477: “printf”: 格式字符串“%d”需要类型“int”的参数，但可变参数 2 拥有了类型“int *”
D:\Code2\Code.c\Project2\Project.c(16,9): warning C4313: "printf": 格式字符串中的 "%d" 与类型为 "int *" 的参数 2 冲突
D:\Code2\Code.c\Project2\Project.c(17,9): warning C4477: “printf”: 格式字符串“%d”需要类型“int”的参数，但可变参数 1 拥有了类型“int *”
D:\Code2\Code.c\Project2\Project.c(17,9): warning C4313: "printf": 格式字符串中的 "%d" 与类型为 "int *" 的参数 1 冲突
D:\Code2\Code.c\Project2\Project.c(17,9): warning C4477: “printf”: 格式字符串“%d”需要类型“int”的参数，但可变参数 2 拥有了类型“int (*)[4]”
D:\Code2\Code.c\Project2\Project.c(17,9): warning C4313: "printf": 格式字符串中的 "%d" 与类型为 "int (*)[4]" 的参数 2 冲突
D:\Code2\Code.c\Project2\Project.c(18,9): warning C4477: “printf”: 格式字符串“%d”需要类型“int”的参数，但可变参数 1 拥有了类型“int *”
D:\Code2\Code.c\Project2\Project.c(18,9): warning C4313: "printf": 格式字符串中的 "%d" 与类型为 "int *" 的参数 1 冲突
D:\Code2\Code.c\Project2\Project.c(18,9): warning C4477: “printf”: 格式字符串“%d”需要类型“int”的参数，但可变参数 2 拥有了类型“int *”
D:\Code2\Code.c\Project2\Project.c(18,9): warning C4313: "printf": 格式字符串中的 "%d" 与类型为 "int *" 的参数 2 冲突
D:\Code2\Code.c\Project2\Project.c(19,9): warning C4477: “printf”: 格式字符串“%d”需要类型“int”的参数，但可变参数 1 拥有了类型“int *”
D:\Code2\Code.c\Project2\Project.c(19,9): warning C4313: "printf": 格式字符串中的 "%d" 与类型为 "int *" 的参数 1 冲突
D:\Code2\Code.c\Project2\Project.c(19,9): warning C4477: “printf”: 格式字符串“%d”需要类型“int”的参数，但可变参数 2 拥有了类型“int *”
D:\Code2\Code.c\Project2\Project.c(19,9): warning C4313: "printf": 格式字符串中的 "%d" 与类型为 "int *" 的参数 2 冲突
D:\Code2\Code.c\Project2\Project.c(20,9): warning C4477: “printf”: 格式字符串“%d”需要类型“int”的参数，但可变参数 1 拥有了类型“int (*)[4]”
D:\Code2\Code.c\Project2\Project.c(20,9): warning C4313: "printf": 格式字符串中的 "%d" 与类型为 "int (*)[4]" 的参数 1 冲突
D:\Code2\Code.c\Project2\Project.c(20,9): warning C4477: “printf”: 格式字符串“%d”需要类型“int”的参数，但可变参数 2 拥有了类型“int (*)[4]”
D:\Code2\Code.c\Project2\Project.c(20,9): warning C4313: "printf": 格式字符串中的 "%d" 与类型为 "int (*)[4]" 的参数 2 冲突
  Project2.vcxproj -> D:\Code2\Code.c\Project2\x64\Debug\Project2.exe
